<?xml version="1.0" encoding="UTF-8"?>
<!-- Generated by org.testng.reporters.JUnitReportReporter -->
<testsuite hostname="IND-CHN-LT10813" failures="0" tests="1" name="coverFoxTest.TC1234_CoverFox_ValidateBannerCount" time="11.284" errors="0" timestamp="2024-11-19T09:53:50 IST" skipped="0">
  <testcase classname="coverFoxTest.TC1234_CoverFox_ValidateBannerCount" name="valiadatePolicyCount" time="11.284"/>
  <system-out>
    <![CDATA[Getting policy count
Getting policy count from displayed]]>
  </system-out>
</testsuite> <!-- coverFoxTest.TC1234_CoverFox_ValidateBannerCount -->
